<?xml version="1.0" encoding="UTF-8"?>
<!-- Generated by org.testng.reporters.JUnitReportReporter -->
<testsuite hostname="LAPTOP-N1EOIRNL" failures="0" tests="2" name="com.java.selenium.testpractice.BeforeTest_AfterTest" time="0.006" errors="0" timestamp="2023-12-07T10:07:38 IST" skipped="0">
  <testcase classname="com.java.selenium.testpractice.BeforeTest_AfterTest" name="first_test_method" time="0.004"/>
  <testcase classname="com.java.selenium.testpractice.BeforeTest_AfterTest" name="second_test_method" time="0.002"/>
</testsuite> <!-- com.java.selenium.testpractice.BeforeTest_AfterTest -->
