<?xml version="1.0" encoding="UTF-8"?>
<!-- Generated by org.testng.reporters.JUnitReportReporter -->
<testsuite hostname="LAPTOP-N1EOIRNL" failures="0" tests="1" name="com.java.selenium.automation.tests.Salesforce_TryFree_Test" time="9.493" errors="0" timestamp="2023-12-25T16:40:29 IST" skipped="0">
  <testcase classname="com.java.selenium.automation.tests.Salesforce_TryFree_Test" name="salesforce_TryFree_Test" time="9.493"/>
</testsuite> <!-- com.java.selenium.automation.tests.Salesforce_TryFree_Test -->
