<?xml version="1.0" encoding="UTF-8"?>
<!-- Generated by org.testng.reporters.JUnitReportReporter -->
<testsuite hostname="LAPTOP-N1EOIRNL" failures="0" tests="1" name="com.java.selenium.automation.tests.InstagramLogin_Test" time="7.441" errors="0" timestamp="2023-12-25T16:40:29 IST" skipped="0">
  <testcase classname="com.java.selenium.automation.tests.InstagramLogin_Test" name="instagramlogin_test" time="7.441"/>
</testsuite> <!-- com.java.selenium.automation.tests.InstagramLogin_Test -->
