<?xml version="1.0" encoding="UTF-8"?>
<!-- Generated by org.testng.reporters.JUnitReportReporter -->
<testsuite hostname="LAPTOP-N1EOIRNL" failures="0" tests="2" name="com.java.selenium.annotations.BeforeSuite_AfterSuite" time="0.009" errors="0" timestamp="2023-12-08T06:23:45 IST" skipped="0">
  <testcase classname="com.java.selenium.annotations.BeforeSuite_AfterSuite" name="first_test_method" time="0.007"/>
  <testcase classname="com.java.selenium.annotations.BeforeSuite_AfterSuite" name="second_test_method" time="0.002"/>
</testsuite> <!-- com.java.selenium.annotations.BeforeSuite_AfterSuite -->
