<?xml version="1.0" encoding="UTF-8"?>
<!-- Generated by org.testng.reporters.JUnitReportReporter -->
<testsuite hostname="LAPTOP-N1EOIRNL" failures="0" tests="2" name="com.java.selenium.testpractice.First_Test" time="0.008" errors="0" timestamp="2023-12-06T10:09:30 IST" skipped="0">
  <testcase classname="com.java.selenium.testpractice.First_Test" name="first_test2" time="0.001"/>
  <testcase classname="com.java.selenium.testpractice.First_Test" name="first_test1" time="0.007"/>
</testsuite> <!-- com.java.selenium.testpractice.First_Test -->
