<?xml version="1.0" encoding="UTF-8"?>
<!-- Generated by org.testng.reporters.JUnitReportReporter -->
<testsuite hostname="LAPTOP-N1EOIRNL" failures="0" tests="2" name="com.java.selenium.testpractice.BeforeMethod_AfterMethod" time="0.017" errors="0" timestamp="2023-12-07T10:12:56 IST" skipped="0">
  <testcase classname="com.java.selenium.testpractice.BeforeMethod_AfterMethod" name="first_test_method" time="0.014"/>
  <testcase classname="com.java.selenium.testpractice.BeforeMethod_AfterMethod" name="second_test_method" time="0.003"/>
</testsuite> <!-- com.java.selenium.testpractice.BeforeMethod_AfterMethod -->
