<?xml version="1.0" encoding="UTF-8"?>
<!-- Generated by org.testng.reporters.JUnitReportReporter -->
<testsuite hostname="LAPTOP-N1EOIRNL" failures="0" tests="2" name="com.java.selenium.tests.InstagramLogin_Test" time="16.162" errors="0" timestamp="2023-12-08T17:25:17 IST" skipped="0">
  <testcase classname="com.java.selenium.tests.InstagramLogin_Test" name="password_Test" time="7.396"/>
  <testcase classname="com.java.selenium.tests.InstagramLogin_Test" name="username_Test" time="8.766"/>
</testsuite> <!-- com.java.selenium.tests.InstagramLogin_Test -->
