<?xml version="1.0" encoding="UTF-8"?>
<!-- Generated by org.testng.reporters.JUnitReportReporter -->
<testsuite hostname="LAPTOP-N1EOIRNL" failures="0" tests="1" name="com.java.selenium.automation.tests.Salesforce_TryFree_Test" time="11.226" errors="0" timestamp="2023-12-26T18:14:47 IST" skipped="0">
  <testcase classname="com.java.selenium.automation.tests.Salesforce_TryFree_Test" name="salesforce_TryFree_Test" time="11.226"/>
</testsuite> <!-- com.java.selenium.automation.tests.Salesforce_TryFree_Test -->
